[2020-11-13T05:09:05.143] [INFO] log - [desmos-sentry-tokyo] ALERT! Memory usesage is 73.50% (40%)
[2020-11-13T05:09:05.151] [INFO] log - [desmos-sentry-tokyo] ALERT! Memory usesage is 73.90% (40%)
[2020-11-13T05:13:31.873] [INFO] log - [desmos-sentry-tokyo] ALERT! Memory usesage is 73.60% (40%)
[2020-11-13T05:13:33.115] [INFO] log - [desmos-sentry-tokyo] ALERT! Memory usesage is 73.90% (40%)
[2020-11-13T05:13:33.538] [INFO] log - [desmos-sentry-tokyo] ALERT! Memory usesage is 73.80% (40%)
[2020-11-13T05:13:35.551] [INFO] log - [desmos-sentry-tokyo] ALERT! Memory usesage is 74.11% (40%)
[2020-11-13T05:13:37.531] [INFO] log - [desmos-sentry-tokyo] ALERT! Memory usesage is 74.11% (40%)
[2020-11-13T05:13:39.516] [INFO] log - [desmos-sentry-tokyo] ALERT! Memory usesage is 74.11% (40%)
[2020-11-13T05:13:41.603] [INFO] log - [desmos-sentry-tokyo] ALERT! Memory usesage is 74.11% (40%)
[2020-11-13T05:13:43.484] [INFO] log - [desmos-sentry-tokyo] ALERT! Memory usesage is 74.01% (40%)
[2020-11-13T05:13:45.624] [INFO] log - [desmos-sentry-tokyo] ALERT! Memory usesage is 74.41% (40%)
[2020-11-13T05:13:47.658] [INFO] log - [desmos-sentry-tokyo] ALERT! Memory usesage is 74.52% (40%)
[2020-11-13T05:13:49.604] [INFO] log - [desmos-sentry-tokyo] ALERT! Memory usesage is 73.90% (40%)
[2020-11-13T05:13:51.739] [INFO] log - [desmos-sentry-tokyo] ALERT! Memory usesage is 73.80% (40%)
[2020-11-13T05:13:53.562] [INFO] log - [desmos-sentry-tokyo] ALERT! Memory usesage is 73.90% (40%)
[2020-11-13T05:13:55.519] [INFO] log - [desmos-sentry-tokyo] ALERT! Memory usesage is 73.70% (40%)
[2020-11-13T05:13:57.679] [INFO] log - [desmos-sentry-tokyo] ALERT! Memory usesage is 73.19% (40%)
[2020-11-13T05:13:59.673] [INFO] log - [desmos-sentry-tokyo] ALERT! Memory usesage is 73.50% (40%)
[2020-11-13T05:15:09.999] [INFO] log - [desmos-sentry-tokyo] ALERT! Memory usesage is 73.70% (40%)
[2020-11-13T05:15:11.786] [INFO] log - [desmos-sentry-tokyo] ALERT! Memory usesage is 74.11% (40%)
[2020-11-13T05:15:11.815] [INFO] log - [desmos-sentry-tokyo] ALERT! Memory usesage is 74.11% (40%)
[2020-11-13T05:15:13.936] [INFO] log - [desmos-sentry-tokyo] ALERT! Memory usesage is 74.11% (40%)
[2020-11-13T05:15:15.829] [INFO] log - [desmos-sentry-tokyo] ALERT! Memory usesage is 74.21% (40%)
[2020-11-13T05:15:17.883] [INFO] log - [desmos-sentry-tokyo] ALERT! Memory usesage is 74.21% (40%)
[2020-11-13T05:20:37.871] [INFO] log - [desmos-sentry-tokyo] ALERT! Memory usesage is 73.60% (40%)
[2020-11-13T05:20:57.615] [INFO] log - [desmos-sentry-tokyo] ALERT! Memory usesage is 74.92% (40%)
[2020-11-13T05:21:53.505] [INFO] log - MemAlertCnt : 1
[2020-11-13T05:21:55.029] [INFO] log - MemAlertCnt : 2
[2020-11-13T05:21:55.790] [INFO] log - [desmos-sentry-tokyo] ALERT! Memory usesage is 73.60% (40%)
[2020-11-13T05:21:57.102] [INFO] log - MemAlertCnt : 3
[2020-11-13T05:21:59.092] [INFO] log - MemAlertCnt : 4
[2020-11-13T05:22:01.128] [INFO] log - MemAlertCnt : 5
[2020-11-13T05:22:03.054] [INFO] log - MemAlertCnt : 6
[2020-11-13T05:22:05.118] [INFO] log - MemAlertCnt : 7
[2020-11-13T05:22:07.071] [INFO] log - MemAlertCnt : 8
[2020-11-13T05:22:09.103] [INFO] log - MemAlertCnt : 9
[2020-11-13T05:22:11.088] [INFO] log - MemAlertCnt : 10
[2020-11-13T05:22:13.105] [INFO] log - MemAlertCnt : 11
[2020-11-13T05:22:15.080] [INFO] log - MemAlertCnt : 1
[2020-11-13T05:22:15.653] [INFO] log - [desmos-sentry-tokyo] ALERT! Memory usesage is 74.72% (40%)
[2020-11-13T05:22:17.110] [INFO] log - MemAlertCnt : 2
[2020-11-13T05:23:25.550] [INFO] log - MemAlertCnt : 1
[2020-11-13T05:23:27.221] [INFO] log - MemAlertCnt : 2
[2020-11-13T05:23:27.990] [INFO] log - [desmos-sentry-tokyo] ALERT! Memory usesage is 73.80% (40%)
[2020-11-13T05:23:29.058] [INFO] log - MemAlertCnt : 3
[2020-11-13T05:23:31.052] [INFO] log - MemAlertCnt : 4
[2020-11-13T05:23:33.128] [INFO] log - MemAlertCnt : 5
[2020-11-13T05:23:35.118] [INFO] log - MemAlertCnt : 6
[2020-11-13T05:23:37.072] [INFO] log - MemAlertCnt : 7
[2020-11-13T05:23:39.110] [INFO] log - MemAlertCnt : 8
[2020-11-13T05:23:41.049] [INFO] log - MemAlertCnt : 9
[2020-11-13T05:23:43.115] [INFO] log - MemAlertCnt : 10
[2020-11-13T05:23:45.222] [INFO] log - MemAlertCnt : 1
[2020-11-13T05:23:45.761] [INFO] log - [desmos-sentry-tokyo] ALERT! Memory usesage is 74.62% (40%)
[2020-11-13T05:23:47.107] [INFO] log - MemAlertCnt : 2
[2020-11-13T05:23:49.069] [INFO] log - MemAlertCnt : 3
[2020-11-13T05:23:51.197] [INFO] log - MemAlertCnt : 4
[2020-11-13T05:23:53.138] [INFO] log - MemAlertCnt : 5
[2020-11-13T05:23:55.097] [INFO] log - MemAlertCnt : 6
[2020-11-13T05:23:57.077] [INFO] log - MemAlertCnt : 7
[2020-11-13T05:23:59.079] [INFO] log - MemAlertCnt : 8
[2020-11-13T05:24:01.191] [INFO] log - MemAlertCnt : 9
[2020-11-13T05:24:03.137] [INFO] log - MemAlertCnt : 10
[2020-11-13T05:24:05.103] [INFO] log - MemAlertCnt : 1
[2020-11-13T05:24:05.622] [INFO] log - [desmos-sentry-tokyo] ALERT! Memory usesage is 74.41% (40%)
[2020-11-13T05:24:07.145] [INFO] log - MemAlertCnt : 2
[2020-11-13T05:24:09.128] [INFO] log - MemAlertCnt : 3
[2020-11-13T05:24:11.088] [INFO] log - MemAlertCnt : 4
[2020-11-13T05:24:13.080] [INFO] log - MemAlertCnt : 5
[2020-11-13T05:24:15.116] [INFO] log - MemAlertCnt : 6
[2020-11-13T05:24:17.062] [INFO] log - MemAlertCnt : 7
[2020-11-13T05:24:19.147] [INFO] log - MemAlertCnt : 8
[2020-11-13T05:24:21.081] [INFO] log - MemAlertCnt : 9
[2020-11-13T05:24:23.016] [INFO] log - MemAlertCnt : 10
[2020-11-13T05:24:25.097] [INFO] log - MemAlertCnt : 1
[2020-11-13T05:24:25.581] [INFO] log - [desmos-sentry-tokyo] ALERT! Memory usesage is 74.31% (40%)
[2020-11-13T05:24:27.161] [INFO] log - MemAlertCnt : 2
[2020-11-13T05:24:29.061] [INFO] log - MemAlertCnt : 3
[2020-11-13T05:24:31.110] [INFO] log - MemAlertCnt : 4
[2020-11-13T05:24:35.295] [INFO] log - MemAlertCnt : 1
[2020-11-13T05:24:37.025] [INFO] log - MemAlertCnt : 2
[2020-11-13T05:24:37.491] [INFO] log - [desmos-sentry-tokyo] ALERT! Memory usesage is 74.11% (40%)
[2020-11-13T05:24:39.154] [INFO] log - MemAlertCnt : 3
[2020-11-13T05:24:41.170] [INFO] log - MemAlertCnt : 4
[2020-11-13T05:24:43.174] [INFO] log - MemAlertCnt : 5
[2020-11-13T05:24:45.092] [INFO] log - MemAlertCnt : 6
[2020-11-13T05:24:47.101] [INFO] log - MemAlertCnt : 7
[2020-11-13T05:24:49.118] [INFO] log - MemAlertCnt : 8
[2020-11-13T05:24:51.073] [INFO] log - MemAlertCnt : 9
[2020-11-13T05:24:53.118] [INFO] log - MemAlertCnt : 10
[2020-11-13T05:24:55.165] [INFO] log - MemAlertCnt : 1
[2020-11-13T05:24:57.135] [INFO] log - MemAlertCnt : 2
[2020-11-13T05:24:59.064] [INFO] log - MemAlertCnt : 3
[2020-11-13T05:25:01.103] [INFO] log - MemAlertCnt : 4
[2020-11-13T05:25:03.167] [INFO] log - MemAlertCnt : 5
[2020-11-13T05:25:05.092] [INFO] log - MemAlertCnt : 6
[2020-11-13T05:25:07.114] [INFO] log - MemAlertCnt : 7
[2020-11-13T05:25:49.440] [INFO] log - MemAlertCnt : 1
[2020-11-13T05:25:51.095] [INFO] log - MemAlertCnt : 2
[2020-11-13T05:25:53.080] [INFO] log - MemAlertCnt : 3
[2020-11-13T05:25:55.074] [INFO] log - MemAlertCnt : 4
[2020-11-13T05:25:57.039] [INFO] log - MemAlertCnt : 5
[2020-11-13T05:25:59.082] [INFO] log - MemAlertCnt : 6
[2020-11-13T05:26:01.107] [INFO] log - MemAlertCnt : 7
[2020-11-13T05:26:03.150] [INFO] log - MemAlertCnt : 8
[2020-11-13T05:26:05.090] [INFO] log - MemAlertCnt : 9
[2020-11-13T05:26:07.042] [INFO] log - MemAlertCnt : 10
[2020-11-13T05:26:09.038] [INFO] log - MemAlertCnt : 1
[2020-11-13T05:26:11.233] [INFO] log - MemAlertCnt : 2
[2020-11-13T05:26:13.082] [INFO] log - MemAlertCnt : 3
[2020-11-13T05:26:15.106] [INFO] log - MemAlertCnt : 4
[2020-11-13T05:27:13.488] [INFO] log - MemAlertCnt : 1
[2020-11-13T05:27:15.146] [INFO] log - MemAlertCnt : 2
[2020-11-13T05:27:15.892] [INFO] log - [desmos-sentry-tokyo] ALERT! Memory usesage is 74.82% (40%)
[2020-11-13T05:27:17.066] [INFO] log - MemAlertCnt : 3
[2020-11-13T05:27:18.993] [INFO] log - MemAlertCnt : 4
[2020-11-13T05:27:21.063] [INFO] log - MemAlertCnt : 5
[2020-11-13T05:27:23.075] [INFO] log - MemAlertCnt : 6
[2020-11-13T05:27:25.157] [INFO] log - MemAlertCnt : 7
[2020-11-13T05:27:27.072] [INFO] log - MemAlertCnt : 8
[2020-11-13T05:27:29.065] [INFO] log - MemAlertCnt : 9
[2020-11-13T05:27:31.238] [INFO] log - MemAlertCnt : 10
[2020-11-13T05:27:33.082] [INFO] log - MemAlertCnt : 0
[2020-11-13T05:27:35.132] [INFO] log - MemAlertCnt : 1
[2020-11-13T05:27:35.592] [INFO] log - [desmos-sentry-tokyo] ALERT! Memory usesage is 75.03% (40%)
[2020-11-13T05:27:37.133] [INFO] log - MemAlertCnt : 2
[2020-11-13T05:30:49.585] [INFO] log - memAlertCnt : 1
[2020-11-13T05:30:49.592] [INFO] log - cpuAlertCnt : 1
[2020-11-13T05:30:51.185] [INFO] log - memAlertCnt : 2
[2020-11-13T05:30:51.185] [INFO] log - cpuAlertCnt : 2
[2020-11-13T05:30:51.868] [INFO] log - [desmos-sentry-tokyo] ALERT! Cpu usesage is 61.06% (40%)
[2020-11-13T05:30:51.898] [INFO] log - [desmos-sentry-tokyo] ALERT! Memory usesage is 74.82% (40%)
[2020-11-13T05:30:53.078] [INFO] log - memAlertCnt : 3
[2020-11-13T05:30:53.079] [INFO] log - cpuAlertCnt : 3
[2020-11-13T05:30:55.054] [INFO] log - memAlertCnt : 4
[2020-11-13T05:30:55.054] [INFO] log - cpuAlertCnt : 4
[2020-11-13T05:30:57.115] [INFO] log - memAlertCnt : 5
[2020-11-13T05:30:57.115] [INFO] log - cpuAlertCnt : 5
[2020-11-13T05:30:59.047] [INFO] log - memAlertCnt : 6
[2020-11-13T05:30:59.048] [INFO] log - cpuAlertCnt : 6
[2020-11-13T05:32:35.562] [INFO] log - memAlertCnt : 1
[2020-11-13T05:32:35.566] [INFO] log - cpuAlertCnt : 1
[2020-11-13T05:32:37.066] [INFO] log - memAlertCnt : 2
[2020-11-13T05:32:37.066] [INFO] log - cpuAlertCnt : 2
[2020-11-13T05:32:37.757] [INFO] log - [desmos-sentry-tokyo] ALERT! Cpu usesage is 61.06% (40%)
[2020-11-13T05:32:37.796] [INFO] log - [desmos-sentry-tokyo] ALERT! Memory usesage is 75.03% (40%)
[2020-11-13T05:32:39.098] [INFO] log - memAlertCnt : 3
[2020-11-13T05:32:39.098] [INFO] log - cpuAlertCnt : 3
[2020-11-13T05:32:41.127] [INFO] log - memAlertCnt : 4
[2020-11-13T05:32:41.127] [INFO] log - cpuAlertCnt : 4
[2020-11-13T05:32:43.067] [INFO] log - memAlertCnt : 5
[2020-11-13T05:32:43.067] [INFO] log - cpuAlertCnt : 5
[2020-11-13T05:40:34.139] [INFO] log - cmd : df -h | head -n 4 | tail -n 1 | awk '{print $5}' | tr -d '%'
[2020-11-13T05:40:36.104] [INFO] log - cmd : df -h | head -n 4 | tail -n 1 | awk '{print $5}' | tr -d '%'
[2020-11-13T05:40:38.103] [INFO] log - cmd : df -h | head -n 4 | tail -n 1 | awk '{print $5}' | tr -d '%'
[2020-11-13T05:40:40.107] [INFO] log - cmd : df -h | head -n 4 | tail -n 1 | awk '{print $5}' | tr -d '%'
[2020-11-13T05:40:42.100] [INFO] log - cmd : df -h | head -n 4 | tail -n 1 | awk '{print $5}' | tr -d '%'
[2020-11-13T05:41:52.125] [INFO] log - cmd : df -h | head -n 4 | tail -n 1 | awk '{print $5}' | tr -d '%'
[2020-11-13T05:41:54.097] [INFO] log - cmd : df -h | head -n 4 | tail -n 1 | awk '{print $5}' | tr -d '%'
[2020-11-13T05:42:33.570] [INFO] log - diskAlertCnt : 1
[2020-11-13T05:42:35.211] [INFO] log - diskAlertCnt : 2
[2020-11-13T05:42:35.909] [INFO] log - [desmos-sentry-tokyo] ALERT! Disk usesage is 50.00% (40%)
[2020-11-13T05:42:37.069] [INFO] log - diskAlertCnt : 3
[2020-11-13T05:42:39.069] [INFO] log - diskAlertCnt : 4
[2020-11-13T05:42:41.184] [INFO] log - diskAlertCnt : 5
[2020-11-13T05:42:43.070] [INFO] log - diskAlertCnt : 6
[2020-11-13T05:42:45.143] [INFO] log - diskAlertCnt : 7
[2020-11-13T05:42:47.105] [INFO] log - diskAlertCnt : 8
[2020-11-13T05:42:49.118] [INFO] log - diskAlertCnt : 9
[2020-11-13T05:42:51.189] [INFO] log - diskAlertCnt : 10
[2020-11-13T05:42:53.179] [INFO] log - diskAlertCnt : 0
[2020-11-13T05:42:55.089] [INFO] log - diskAlertCnt : 1
[2020-11-13T05:42:55.557] [INFO] log - [desmos-sentry-tokyo] ALERT! Disk usesage is 50.00% (40%)
[2020-11-13T05:42:57.102] [INFO] log - diskAlertCnt : 2
[2020-11-13T05:43:03.394] [INFO] log - memAlertCnt : 1
[2020-11-13T05:43:03.404] [INFO] log - cpuAlertCnt : 1
[2020-11-13T05:43:03.405] [INFO] log - diskAlertCnt : 1
[2020-11-13T05:43:05.136] [INFO] log - memAlertCnt : 2
[2020-11-13T05:43:05.136] [INFO] log - cpuAlertCnt : 2
[2020-11-13T05:43:05.136] [INFO] log - diskAlertCnt : 2
[2020-11-13T05:43:05.644] [INFO] log - [desmos-sentry-tokyo] ALERT! Disk usesage is 50.00% (40%)
[2020-11-13T05:43:05.672] [INFO] log - [desmos-sentry-tokyo] ALERT! Memory usesage is 74.52% (40%)
[2020-11-13T05:43:05.715] [INFO] log - [desmos-sentry-tokyo] ALERT! Cpu usesage is 61.08% (40%)
[2020-11-13T05:43:21.508] [INFO] log - memAlertCnt : 1
[2020-11-13T05:43:21.514] [INFO] log - cpuAlertCnt : 1
[2020-11-13T05:43:21.514] [INFO] log - diskAlertCnt : 1
[2020-11-13T05:43:23.073] [INFO] log - memAlertCnt : 2
[2020-11-13T05:43:23.073] [INFO] log - cpuAlertCnt : 2
[2020-11-13T05:43:23.073] [INFO] log - diskAlertCnt : 2
[2020-11-13T05:43:23.807] [INFO] log - [desmos-sentry-tokyo] ALERT! Memory usesage is 73.80% (40%)
[2020-11-13T05:43:23.847] [INFO] log - [desmos-sentry-tokyo] ALERT! Cpu usesage is 61.08% (40%)
[2020-11-13T05:43:23.875] [INFO] log - [desmos-sentry-tokyo] ALERT! Disk usesage is 50.00% (40%)
[2020-11-13T05:43:25.129] [INFO] log - memAlertCnt : 3
[2020-11-13T05:43:25.129] [INFO] log - cpuAlertCnt : 3
[2020-11-13T05:43:25.129] [INFO] log - diskAlertCnt : 3
[2020-11-13T05:43:27.193] [INFO] log - memAlertCnt : 4
[2020-11-13T05:43:27.193] [INFO] log - cpuAlertCnt : 4
[2020-11-13T05:43:27.193] [INFO] log - diskAlertCnt : 4
[2020-11-13T05:52:01.944] [INFO] log - [desmos-sentry-tokyo] ALERT! Peer count is 42 (100%)
[2020-11-13T05:53:23.550] [INFO] log - peerAlertCnt : 1
[2020-11-13T05:53:25.122] [INFO] log - peerAlertCnt : 2
[2020-11-13T05:53:25.822] [INFO] log - [desmos-sentry-tokyo] ALERT! Peer count is 42 (100%)
[2020-11-13T05:53:27.110] [INFO] log - peerAlertCnt : 3
[2020-11-13T05:53:29.066] [INFO] log - peerAlertCnt : 4
[2020-11-13T05:53:31.126] [INFO] log - peerAlertCnt : 5
[2020-11-13T05:53:33.081] [INFO] log - peerAlertCnt : 6
[2020-11-13T05:53:35.099] [INFO] log - peerAlertCnt : 7
[2020-11-13T05:53:37.157] [INFO] log - peerAlertCnt : 8
[2020-11-13T05:53:39.081] [INFO] log - peerAlertCnt : 9
[2020-11-13T05:53:41.112] [INFO] log - peerAlertCnt : 10
[2020-11-13T05:53:43.040] [INFO] log - peerAlertCnt : 0
[2020-11-13T05:53:45.125] [INFO] log - peerAlertCnt : 1
[2020-11-13T05:53:45.567] [INFO] log - [desmos-sentry-tokyo] ALERT! Peer count is 42 (100%)
[2020-11-13T05:53:47.065] [INFO] log - peerAlertCnt : 2
[2020-11-13T06:10:43.955] [INFO] log - [desmos-sentry-tokyo] ALERT! Height is lower than extern. Diff=340472
[2020-11-13T06:11:03.679] [INFO] log - [desmos-sentry-tokyo] ALERT! Height is lower than extern. Diff=340449
[2020-11-13T06:13:59.882] [INFO] log - [desmos-sentry-tokyo] ALERT! Server height is lower than extern height.
Diff=340185
server=224608
extern=564793
[2020-11-13T06:16:25.896] [INFO] log - [desmos-sentry-tokyo] ALERT! Server height is lower than extern height.
Diff=339,974
server=224,843
extern=564,817
[2020-11-13T06:22:27.935] [INFO] log - [desmos-sentry-tokyo] ALERT! Server height is lower than extern height.
Diff=339,433
server=225,444
extern=564,877
[2020-11-13T06:24:09.964] [INFO] log - [desmos-sentry-tokyo] ALERT! Server height is lower than extern height. http://rpc.morpheus.desmos.network:26657/status
Diff=339,280
server=225,614
extern=564,894
[2020-11-13T07:12:03.597] [INFO] log - [desmos-sentry-tokyo] ALERT! Server height is lower than extern height. http://rpc.morpheus.desmos.network:26657/status
Diff=334,940
server=230,434
extern=565,374
[2020-11-13T07:12:48.863] [INFO] log - [desmos-sentry-tokyo] ALERT! Peer count is 3 (10%)
[2020-11-13T07:12:48.868] [INFO] log - [desmos-sentry-tokyo] ALERT! Server height is lower than extern height. http://rpc.morpheus.desmos.network:26657/status
Diff=334,879
server=230,503
extern=565,382
[2020-11-13T07:27:41.181] [INFO] log - [desmos-sentry-tokyo] ALERT! Server height is lower than extern height. http://rpc.morpheus.desmos.network:26657/status
Diff=333,390
server=232,140
extern=565,530
[2020-11-13T07:36:09.862] [INFO] log - [desmos-sentry-tokyo] ALERT! Server height is lower than extern height. http://rpc.morpheus.desmos.network:26657/status
Diff=332,549
server=233,066
extern=565,615
[2020-11-13T07:45:17.911] [INFO] log - [desmos-sentry-tokyo] ALERT! Server height is lower than extern height. http://rpc.morpheus.desmos.network:26657/status
Diff=331,692
server=234,015
extern=565,707
[2020-11-13T07:47:35.810] [INFO] log - [desmos-sentry-tokyo] ALERT! Server height is lower than extern height. http://rpc.morpheus.desmos.network:26657/status
Diff=331,465
server=234,265
extern=565,730
[2020-11-13T07:47:35.846] [INFO] log - [desmos-sentry-tokyo] ALERT! Validator connect fail.
[2020-11-13T07:47:35.877] [INFO] log - [desmos-sentry-tokyo] ALERT! Validator is not connected. Try connect validator.
[2020-11-13T07:47:55.508] [INFO] log - [desmos-sentry-tokyo] ALERT! Server height is lower than extern height. http://rpc.morpheus.desmos.network:26657/status
Diff=331,440
server=234,293
extern=565,733
[2020-11-13T07:52:37.567] [INFO] log - lcdAlertCnt : 1
[2020-11-13T07:52:39.074] [INFO] log - lcdAlertCnt : 2
[2020-11-13T07:52:39.791] [INFO] log - [desmos-sentry-tokyo] ALERT! Server height is lower than extern height. http://rpc.morpheus.desmos.network:26657/status
Diff=330,969
server=234,812
extern=565,781
[2020-11-13T07:52:39.817] [INFO] log - [desmos-sentry-tokyo] ALERT! LCD is down.
[2020-11-13T07:52:41.101] [INFO] log - lcdAlertCnt : 3
[2020-11-13T07:52:43.222] [INFO] log - lcdAlertCnt : 4
[2020-11-13T07:52:45.138] [INFO] log - lcdAlertCnt : 5
[2020-11-13T08:01:15.784] [INFO] log - [desmos-sentry-tokyo] ALERT! LCD is down.
[2020-11-13T08:02:11.796] [INFO] log - [desmos-sentry-tokyo] ALERT! LCD is down.
[2020-11-13T08:02:11.856] [INFO] log - [desmos-sentry-tokyo] ALERT! Server height is lower than extern height. http://rpc.morpheus.desmos.network:26657/status
Diff=330,041
server=235,835
extern=565,876
[2020-11-13T08:02:13.058] [INFO] log - [desmos-sentry-tokyo] ALERT! Server height is lower than extern height. http://rpc.morpheus.desmos.network:26657/status
Diff=330,040
server=235,837
extern=565,877
[2020-11-13T08:02:13.479] [INFO] log - [desmos-sentry-tokyo] ALERT! Server height is lower than extern height. http://rpc.morpheus.desmos.network:26657/status
Diff=330,037
server=235,840
extern=565,877
[2020-11-13T08:02:15.549] [INFO] log - [desmos-sentry-tokyo] ALERT! Server height is lower than extern height. http://rpc.morpheus.desmos.network:26657/status
Diff=330,034
server=235,843
extern=565,877
[2020-11-13T08:02:17.538] [INFO] log - [desmos-sentry-tokyo] ALERT! Server height is lower than extern height. http://rpc.morpheus.desmos.network:26657/status
Diff=330,032
server=235,846
extern=565,878
[2020-11-13T08:02:19.630] [INFO] log - [desmos-sentry-tokyo] ALERT! Server height is lower than extern height. http://rpc.morpheus.desmos.network:26657/status
Diff=330,029
server=235,849
extern=565,878
[2020-11-13T08:02:21.570] [INFO] log - [desmos-sentry-tokyo] ALERT! Server height is lower than extern height. http://rpc.morpheus.desmos.network:26657/status
Diff=330,027
server=235,851
extern=565,878
[2020-11-13T08:02:23.521] [INFO] log - [desmos-sentry-tokyo] ALERT! Server height is lower than extern height. http://rpc.morpheus.desmos.network:26657/status
Diff=330,024
server=235,855
extern=565,879
[2020-11-13T08:02:25.562] [INFO] log - [desmos-sentry-tokyo] ALERT! Server height is lower than extern height. http://rpc.morpheus.desmos.network:26657/status
Diff=330,022
server=235,857
extern=565,879
[2020-11-13T08:02:27.523] [INFO] log - [desmos-sentry-tokyo] ALERT! Server height is lower than extern height. http://rpc.morpheus.desmos.network:26657/status
Diff=330,020
server=235,859
extern=565,879
[2020-11-13T08:18:29.790] [INFO] log - [desmos-sentry-tokyo] ALERT! Server height is lower than extern height. http://rpc.morpheus.desmos.network:26657
Diff=328,526
server=237,514
extern=566,040
[2020-11-13T08:18:29.808] [INFO] log - [desmos-sentry-tokyo] ALERT! LCD is down.
[2020-11-13T08:18:31.209] [INFO] log - [desmos-sentry-tokyo] ALERT! Server height is lower than extern height. http://rpc.morpheus.desmos.network:26657
Diff=328,522
server=237,518
extern=566,040
[2020-11-13T08:18:31.651] [INFO] log - [desmos-sentry-tokyo] ALERT! Server height is lower than extern height. http://rpc.morpheus.desmos.network:26657
Diff=328,521
server=237,520
extern=566,041
[2020-11-13T08:18:33.565] [INFO] log - [desmos-sentry-tokyo] ALERT! Server height is lower than extern height. http://rpc.morpheus.desmos.network:26657
Diff=328,518
server=237,523
extern=566,041
[2020-11-13T08:18:35.511] [INFO] log - [desmos-sentry-tokyo] ALERT! Server height is lower than extern height. http://rpc.morpheus.desmos.network:26657
Diff=328,515
server=237,526
extern=566,041
[2020-11-13T08:18:37.506] [INFO] log - [desmos-sentry-tokyo] ALERT! Server height is lower than extern height. http://rpc.morpheus.desmos.network:26657
Diff=328,513
server=237,529
extern=566,042
[2020-11-13T08:18:39.537] [INFO] log - [desmos-sentry-tokyo] ALERT! Server height is lower than extern height. http://rpc.morpheus.desmos.network:26657
Diff=328,510
server=237,532
extern=566,042
[2020-11-13T08:18:41.606] [INFO] log - [desmos-sentry-tokyo] ALERT! Server height is lower than extern height. http://rpc.morpheus.desmos.network:26657
Diff=328,507
server=237,535
extern=566,042
[2020-11-13T08:18:43.593] [INFO] log - [desmos-sentry-tokyo] ALERT! Server height is lower than extern height. http://rpc.morpheus.desmos.network:26657
Diff=328,506
server=237,537
extern=566,043
[2020-11-13T08:18:45.583] [INFO] log - [desmos-sentry-tokyo] ALERT! Server height is lower than extern height. http://rpc.morpheus.desmos.network:26657
Diff=328,503
server=237,540
extern=566,043
[2020-11-13T08:18:47.599] [INFO] log - [desmos-sentry-tokyo] ALERT! Server height is lower than extern height. http://rpc.morpheus.desmos.network:26657
Diff=328,500
server=237,543
extern=566,043
[2020-11-13T08:18:49.578] [INFO] log - [desmos-sentry-tokyo] ALERT! Server height is lower than extern height. http://rpc.morpheus.desmos.network:26657
Diff=328,498
server=237,546
extern=566,044
[2020-11-13T08:18:49.627] [INFO] log - [desmos-sentry-tokyo] ALERT! LCD is down.
[2020-11-13T08:18:51.570] [INFO] log - [desmos-sentry-tokyo] ALERT! Server height is lower than extern height. http://rpc.morpheus.desmos.network:26657
Diff=328,495
server=237,549
extern=566,044
[2020-11-13T08:20:05.868] [INFO] log - [desmos-sentry-tokyo] ALERT! Height 237,673 is missed.
https://morpheus.desmos.network/blocks/237673
[2020-11-13T08:20:05.885] [INFO] log - [desmos-sentry-tokyo] ALERT! Server height is lower than extern height. http://rpc.morpheus.desmos.network:26657
Diff=328,383
server=237,673
extern=566,056
[2020-11-13T08:20:07.120] [INFO] log - [desmos-sentry-tokyo] ALERT! Server height is lower than extern height. http://rpc.morpheus.desmos.network:26657
Diff=328,381
server=237,675
extern=566,056
[2020-11-13T08:20:07.122] [INFO] log - [desmos-sentry-tokyo] ALERT! Height 237,675 is missed.
https://morpheus.desmos.network/blocks/237675
[2020-11-13T08:20:07.564] [INFO] log - [desmos-sentry-tokyo] ALERT! Server height is lower than extern height. http://rpc.morpheus.desmos.network:26657
Diff=328,379
server=237,678
extern=566,057
[2020-11-13T08:20:13.980] [INFO] log - [desmos-sentry-tokyo] ALERT! Height 237,678 is missed.
https://morpheus.desmos.network/blocks/237678
[2020-11-13T08:20:15.145] [INFO] log - [desmos-sentry-tokyo] ALERT! Server height is lower than extern height. http://rpc.morpheus.desmos.network:26657
Diff=328,376
server=237,681
extern=566,057
[2020-11-13T08:20:15.149] [INFO] log - [desmos-sentry-tokyo] ALERT! Height 237,681 is missed.
https://morpheus.desmos.network/blocks/237681
[2020-11-13T08:20:15.149] [INFO] log - [desmos-sentry-tokyo] ALERT! Server height is lower than extern height. http://rpc.morpheus.desmos.network:26657
Diff=328,373
server=237,684
extern=566,057
[2020-11-13T08:20:15.150] [INFO] log - [desmos-sentry-tokyo] ALERT! Height 237,684 is missed.
https://morpheus.desmos.network/blocks/237684
[2020-11-13T08:20:21.684] [INFO] log - [desmos-sentry-tokyo] ALERT! Server height is lower than extern height. http://rpc.morpheus.desmos.network:26657
Diff=328,372
server=237,686
extern=566,058
[2020-11-13T08:20:21.916] [INFO] log - [desmos-sentry-tokyo] ALERT! Height 237,686 is missed.
https://morpheus.desmos.network/blocks/237686
[2020-11-13T08:20:21.918] [INFO] log - [desmos-sentry-tokyo] ALERT! Server height is lower than extern height. http://rpc.morpheus.desmos.network:26657
Diff=328,369
server=237,689
extern=566,058
[2020-11-13T08:20:21.960] [INFO] log - [desmos-sentry-tokyo] ALERT! Height 237,689 is missed.
https://morpheus.desmos.network/blocks/237689
[2020-11-13T08:20:23.177] [INFO] log - [desmos-sentry-tokyo] ALERT! Server height is lower than extern height. http://rpc.morpheus.desmos.network:26657
Diff=328,366
server=237,692
extern=566,058
[2020-11-13T08:20:23.180] [ERROR] log - { Error: 429: Too Many Requests: retry after 5
    at buildConfig.then.then.then.then (/root/nodejs/cosmos_node_checker/node_modules/telegraf/core/network/client.js:281:17)
    at process._tickCallback (internal/process/next_tick.js:68:7)
  code: 429,
  response:
   { ok: false,
     error_code: 429,
     description: 'Too Many Requests: retry after 5',
     parameters: { retry_after: 5 } },
  description: 'Too Many Requests: retry after 5',
  parameters: { retry_after: 5 },
  on:
   { method: 'sendMessage',
     payload:
      { chat_id: '-1001361430882',
        text:
         '[desmos-sentry-tokyo] ALERT! Height 237,692 is missed.\nhttps://morpheus.desmos.network/blocks/237692' } } }
[2020-11-13T08:20:23.193] [ERROR] log - { Error: 429: Too Many Requests: retry after 4
    at buildConfig.then.then.then.then (/root/nodejs/cosmos_node_checker/node_modules/telegraf/core/network/client.js:281:17)
    at process._tickCallback (internal/process/next_tick.js:68:7)
  code: 429,
  response:
   { ok: false,
     error_code: 429,
     description: 'Too Many Requests: retry after 4',
     parameters: { retry_after: 4 } },
  description: 'Too Many Requests: retry after 4',
  parameters: { retry_after: 4 },
  on:
   { method: 'sendMessage',
     payload:
      { chat_id: '-1001361430882',
        text:
         '[desmos-sentry-tokyo] ALERT! Server height is lower than extern height. http://rpc.morpheus.desmos.network:26657\nDiff=328,364\nserver=237,695\nextern=566,059' } } }
[2020-11-13T08:20:23.194] [ERROR] log - { Error: 429: Too Many Requests: retry after 4
    at buildConfig.then.then.then.then (/root/nodejs/cosmos_node_checker/node_modules/telegraf/core/network/client.js:281:17)
    at process._tickCallback (internal/process/next_tick.js:68:7)
  code: 429,
  response:
   { ok: false,
     error_code: 429,
     description: 'Too Many Requests: retry after 4',
     parameters: { retry_after: 4 } },
  description: 'Too Many Requests: retry after 4',
  parameters: { retry_after: 4 },
  on:
   { method: 'sendMessage',
     payload:
      { chat_id: '-1001361430882',
        text:
         '[desmos-sentry-tokyo] ALERT! Height 237,695 is missed.\nhttps://morpheus.desmos.network/blocks/237695' } } }
[2020-11-13T08:38:47.287] [INFO] log - 566244
[2020-11-13T08:38:49.128] [INFO] log - 566244
[2020-11-13T08:38:51.085] [INFO] log - 566244
[2020-11-13T08:38:53.084] [INFO] log - 566245
[2020-11-13T08:38:55.081] [INFO] log - 566245
[2020-11-13T08:38:57.106] [INFO] log - 566245
[2020-11-13T08:39:25.343] [INFO] log - 566250
[2020-11-13T08:39:25.635] [INFO] log - 566250
[2020-11-13T08:39:25.636] [INFO] log - 566250
[2020-11-13T08:39:25.636] [INFO] log - 566250
[2020-11-13T08:39:25.636] [INFO] log - 566250
[2020-11-13T08:39:27.082] [INFO] log - 566250
[2020-11-13T08:39:27.454] [INFO] log - 566250
[2020-11-13T08:39:29.121] [INFO] log - 566251
[2020-11-13T08:39:31.116] [INFO] log - 566251
[2020-11-13T08:39:33.106] [INFO] log - 566251
[2020-11-13T08:39:35.133] [INFO] log - 566252
[2020-11-13T08:39:37.189] [INFO] log - 566252
[2020-11-13T08:39:39.078] [INFO] log - 566252
[2020-11-13T08:39:41.162] [INFO] log - 566253
[2020-11-13T08:39:43.137] [INFO] log - 566253
[2020-11-13T08:39:45.175] [INFO] log - 566253
[2020-11-13T08:39:47.118] [INFO] log - 566254
[2020-11-13T08:39:49.075] [INFO] log - 566254
[2020-11-13T08:39:51.134] [INFO] log - 566254
[2020-11-13T08:39:53.137] [INFO] log - 566255
[2020-11-13T08:39:53.144] [INFO] log - 566255
[2020-11-13T08:39:55.092] [INFO] log - 566255
[2020-11-13T08:39:57.167] [INFO] log - 566255
[2020-11-13T08:39:59.092] [INFO] log - 566256
[2020-11-13T08:40:01.160] [INFO] log - 566256
[2020-11-13T08:40:03.068] [INFO] log - 566256
[2020-11-13T08:44:53.412] [INFO] log - 566305
[2020-11-13T08:44:55.109] [INFO] log - 566305
[2020-11-13T08:44:55.138] [INFO] log - 566305
[2020-11-13T08:44:57.030] [INFO] log - 566305
[2020-11-13T08:44:59.107] [INFO] log - 566306
[2020-11-13T08:45:01.116] [INFO] log - 566306
[2020-11-13T08:45:03.107] [INFO] log - 566306
[2020-11-13T08:45:05.057] [INFO] log - 566307
[2020-11-13T08:45:07.080] [INFO] log - 566307
[2020-11-13T08:45:09.063] [INFO] log - 566307
[2020-11-13T08:45:11.213] [INFO] log - 566308
[2020-11-13T08:45:19.096] [INFO] log - 566309
[2020-11-13T08:45:27.419] [INFO] log - 566310
[2020-11-13T08:46:09.099] [INFO] log - 566317
[2020-11-13T08:48:01.546] [INFO] log - [desmos-sentry-tokyo] test
[2020-11-13T08:53:05.985] [INFO] log - [desmos-sentry-tokyo] Memory : 62.08
Cpu : 61.40
Disk : 56.00
PeerCount : 42
LatestHeight : 240601
RpcHeight : 566387

[2020-11-13T08:53:33.849] [INFO] log - [desmos-sentry-tokyo]
 Memory : undefined
Cpu : undefined
Disk : undefined
PeerCount : undefined
LatestHeight : undefined
RpcHeight : undefined

[2020-11-13T08:53:37.596] [INFO] log - [desmos-sentry-tokyo]
 Memory : 55.96
Cpu : 61.40
Disk : 56.00
PeerCount : 42
LatestHeight : 240640
RpcHeight : 566392

[2020-11-13T08:54:33.666] [INFO] log - [desmos-sentry-tokyo]
 Memory : 56.07%
Cpu : 61.40%
Disk : 57.00%
PeerCount : 42
LatestHeight : 240,707
RpcHeight : 566,401

[2020-11-13T08:59:39.879] [INFO] log - [desmos-sentry-tokyo]
 # Project info
PROJECT_NAME=desmos
PROJECT_DAEMON_NAME=desmosd
PROJECT_CLIENT_NAME=desmoscli
PROJECT_DAEMON_PORT=26656
PROJECT_DIAL_PORT=26657
PROJECT_LCD_USE=false
PROJECT_LCD_PORT=1317

# RPC info
EXTERN_RPC_URL=http://rpc.morpheus.desmos.network:26657
EXTERN_EXPLORER=https://morpheus.desmos.network

# Validator info
VALIDATOR_SERVER_IP=161.35.125.20
VALIDATOR_NODE_ID=193d02a5bf28f2a1741b4ecb4c9be812f73d51cb
VALIDATOR_DAEMON_PORT=26656
VALIDATOR_HASH=11361C0BEF8929F40DC5CB911230C335C7D1C594

# Server info
SERVER_TYPE=sentry
SERVER_NAME=tokyo
SERVER_ALERT_MEMORY=90
SERVER_ALERT_CPU=90
SERVER_ALERT_DISK=80
SERVER_ALERT_PEER=10

SERVER_ALERT_MEMORY_WAIT=10
SERVER_ALERT_CPU_WAIT=10
SERVER_ALERT_DISK_WAIT=10
SERVER_ALERT_PEER_WAIT=10
SERVER_ALERT_VALIDATORCONNECT_WAIT=30
SERVER_ALERT_LCD_WAIT=10

# Telegram info
TELEGRAM_BOT_TOKEN=1495145921:AAF7lbLUO1MbC476UXkM_0a3xnVoUQ6I_Io
TELEGRAM_BOT_ROOM=-1001361430882

# Manager info (smd) - unused
MANAGER_PHONNUM=+821092649104,+821092649104
[2020-11-13T09:00:41.591] [INFO] log - [desmos-sentry-tokyo]
 Memory : 55.76%
Cpu : 61.41%
Disk : 56.00%
PeerCount : 42
LatestHeight : 241,193
RpcHeight : 566,463

